<?xml version="1.0" encoding="UTF-8"?>
<testng-results ignored="0" total="2" passed="2" failed="0" skipped="0">
  <reporter-output>
  </reporter-output>
  <suite started-at="2023-02-11T17:38:15 IST" name="Suite" finished-at="2023-02-11T17:38:39 IST" duration-ms="24708">
    <groups>
    </groups>
    <test started-at="2023-02-11T17:38:15 IST" name="Test" finished-at="2023-02-11T17:38:39 IST" duration-ms="24708">
      <class name="com.lti.testcases.LoginPageTest">
        <test-method is-config="true" signature="reportConfiguration()[pri:0, instance:com.lti.testcases.LoginPageTest@35841320]" started-at="2023-02-11T17:38:15 IST" name="reportConfiguration" finished-at="2023-02-11T17:38:15 IST" duration-ms="399" status="PASS">
          <reporter-output>
          </reporter-output>
        </test-method> <!-- reportConfiguration -->
        <test-method is-config="true" signature="browserSetup()[pri:0, instance:com.lti.testcases.LoginPageTest@35841320]" started-at="2023-02-11T17:38:15 IST" name="browserSetup" finished-at="2023-02-11T17:38:24 IST" duration-ms="9268" status="PASS">
          <reporter-output>
          </reporter-output>
        </test-method> <!-- browserSetup -->
        <test-method signature="validateLoginTest()[pri:0, instance:com.lti.testcases.LoginPageTest@35841320]" started-at="2023-02-11T17:38:24 IST" name="validateLoginTest" finished-at="2023-02-11T17:38:27 IST" duration-ms="2602" status="PASS">
          <reporter-output>
          </reporter-output>
        </test-method> <!-- validateLoginTest -->
        <test-method is-config="true" signature="closeSetup()[pri:0, instance:com.lti.testcases.LoginPageTest@35841320]" started-at="2023-02-11T17:38:27 IST" name="closeSetup" finished-at="2023-02-11T17:38:28 IST" duration-ms="1108" status="PASS">
          <reporter-output>
          </reporter-output>
        </test-method> <!-- closeSetup -->
        <test-method is-config="true" signature="browserSetup()[pri:0, instance:com.lti.testcases.LoginPageTest@35841320]" started-at="2023-02-11T17:38:28 IST" name="browserSetup" finished-at="2023-02-11T17:38:38 IST" duration-ms="9849" status="PASS">
          <reporter-output>
          </reporter-output>
        </test-method> <!-- browserSetup -->
        <test-method signature="validateTitleTest()[pri:0, instance:com.lti.testcases.LoginPageTest@35841320]" started-at="2023-02-11T17:38:38 IST" name="validateTitleTest" finished-at="2023-02-11T17:38:38 IST" duration-ms="23" status="PASS">
          <reporter-output>
          </reporter-output>
        </test-method> <!-- validateTitleTest -->
        <test-method is-config="true" signature="closeSetup()[pri:0, instance:com.lti.testcases.LoginPageTest@35841320]" started-at="2023-02-11T17:38:38 IST" name="closeSetup" finished-at="2023-02-11T17:38:39 IST" duration-ms="862" status="PASS">
          <reporter-output>
          </reporter-output>
        </test-method> <!-- closeSetup -->
        <test-method is-config="true" signature="publishReport()[pri:0, instance:com.lti.testcases.LoginPageTest@35841320]" started-at="2023-02-11T17:38:39 IST" name="publishReport" finished-at="2023-02-11T17:38:39 IST" duration-ms="536" status="PASS">
          <reporter-output>
          </reporter-output>
        </test-method> <!-- publishReport -->
      </class> <!-- com.lti.testcases.LoginPageTest -->
    </test> <!-- Test -->
  </suite> <!-- Suite -->
</testng-results>
